<?xml version="1.0" encoding="UTF-8"?>
<!-- Generated by org.testng.reporters.JUnitReportReporter -->
<testsuite hostname="DESKTOP-FMB1J5N" failures="0" tests="6" name="RestAssuredExamples.Library" time="9.755" errors="0" timestamp="2023-06-07T15:43:47 EDT" skipped="0">
  <testcase classname="RestAssuredExamples.Library" name="addBook" time="0.722"/>
  <system-out/>
  <testcase classname="RestAssuredExamples.Library" name="addBook" time="0.691"/>
  <system-out/>
  <testcase classname="RestAssuredExamples.Library" name="deleteBook" time="0.600"/>
  <system-out/>
  <testcase classname="RestAssuredExamples.Library" name="deleteBook" time="0.530"/>
  <system-out/>
  <testcase classname="RestAssuredExamples.Library" name="addBook" time="6.502"/>
  <system-out/>
  <testcase classname="RestAssuredExamples.Library" name="addBookJsonfile" time="0.710"/>
  <system-out/>
</testsuite> <!-- RestAssuredExamples.Library -->
