<?xml version="1.0" encoding="UTF-8"?>
<!-- Generated by org.testng.reporters.JUnitReportReporter -->
<testsuite hostname="DESKTOP-FMB1J5N" failures="0" tests="4" name="apiTest.UserTests" time="15.765" errors="0" timestamp="2023-06-03T13:00:03 EDT" skipped="0">
  <testcase classname="apiTest.UserTests" name="testPostUser" time="14.879"/>
  <system-out/>
  <testcase classname="apiTest.UserTests" name="testReadUser" time="0.327"/>
  <system-out/>
  <testcase classname="apiTest.UserTests" name="testUpdateUser" time="0.396"/>
  <system-out/>
  <testcase classname="apiTest.UserTests" name="testDeleteUser" time="0.163"/>
  <system-out/>
</testsuite> <!-- apiTest.UserTests -->
