<?xml version="1.0" encoding="UTF-8"?>
<!-- Generated by org.testng.reporters.JUnitReportReporter -->
<testsuite hostname="DESKTOP-FMB1J5N" failures="0" tests="1" name="apiTest.StoreTests" time="8.747" errors="0" timestamp="2023-06-03T06:55:12 EDT" skipped="0">
  <testcase classname="apiTest.StoreTests" name="createOrder" time="8.747"/>
  <system-out/>
</testsuite> <!-- apiTest.StoreTests -->
