<?xml version="1.0" encoding="UTF-8"?>
<!-- Generated by org.testng.reporters.JUnitReportReporter -->
<testsuite hostname="DESKTOP-FMB1J5N" failures="0" tests="1" name="apiTest.GoogleMapAPI" time="15.292" errors="0" timestamp="2023-06-07T08:59:42 EDT" skipped="0">
  <testcase classname="apiTest.GoogleMapAPI" name="testMap" time="15.292"/>
  <system-out/>
</testsuite> <!-- apiTest.GoogleMapAPI -->
