<?xml version="1.0" encoding="UTF-8"?>
<!-- Generated by org.testng.reporters.JUnitReportReporter -->
<testsuite hostname="DESKTOP-FMB1J5N" failures="0" tests="1" name="apiTest.StoreTests" time="15.749" errors="0" timestamp="2023-06-04T17:09:37 EDT" skipped="0">
  <testcase classname="apiTest.StoreTests" name="createOrder" time="15.749"/>
  <system-out/>
</testsuite> <!-- apiTest.StoreTests -->
