<?xml version="1.0" encoding="UTF-8"?>
<!-- Generated by org.testng.reporters.JUnitReportReporter -->
<testsuite hostname="DESKTOP-FMB1J5N" failures="0" tests="3" name="apiTest.UserTests" time="7.126" errors="0" timestamp="2023-06-03T10:41:53 EDT" skipped="0">
  <testcase classname="apiTest.UserTests" name="testPostUser" time="6.623"/>
  <system-out/>
  <testcase classname="apiTest.UserTests" name="testReadUser" time="0.219"/>
  <system-out/>
  <testcase classname="apiTest.UserTests" name="testUpdateUser" time="0.284"/>
  <system-out/>
</testsuite> <!-- apiTest.UserTests -->
