<?xml version="1.0" encoding="UTF-8"?>
<!-- Generated by org.testng.reporters.JUnitReportReporter -->
<testsuite hostname="DESKTOP-FMB1J5N" failures="0" tests="3" name="apiTest.StoreRestAssuredProjectStandAlone" time="6.224" errors="0" timestamp="2023-06-05T10:40:09 EDT" skipped="0">
  <testcase classname="apiTest.StoreRestAssuredProjectStandAlone" name="placeOrderForPet" time="5.970"/>
  <system-out/>
  <testcase classname="apiTest.StoreRestAssuredProjectStandAlone" name="getOrderDetails" time="0.142"/>
  <system-out/>
  <testcase classname="apiTest.StoreRestAssuredProjectStandAlone" name="updateOrderDetails" time="0.112"/>
  <system-out/>
</testsuite> <!-- apiTest.StoreRestAssuredProjectStandAlone -->
